{"/Users/sivasai/Desktop/GitHub-Actions-Zero-to-Hero/weather-app/src/weatherService.js": {"path":"/Users/sivasai/Desktop/GitHub-Actions-Zero-to-Hero/weather-app/src/weatherService.js","statementMap":{"0":{"start":{"line":4,"column":17},"end":{"line":4,"column":44}},"1":{"start":{"line":5,"column":2},"end":{"line":5,"column":83}},"2":{"start":{"line":5,"column":15},"end":{"line":5,"column":83}},"3":{"start":{"line":7,"column":14},"end":{"line":9,"column":34}},"4":{"start":{"line":11,"column":19},"end":{"line":11,"column":39}},"5":{"start":{"line":12,"column":15},"end":{"line":12,"column":28}},"6":{"start":{"line":14,"column":2},"end":{"line":30,"column":4}}},"fnMap":{"0":{"name":"getWeather","decl":{"start":{"line":3,"column":22},"end":{"line":3,"column":32}},"loc":{"start":{"line":3,"column":39},"end":{"line":31,"column":1}},"line":3}},"branchMap":{"0":{"loc":{"start":{"line":5,"column":2},"end":{"line":5,"column":83}},"type":"if","locations":[{"start":{"line":5,"column":2},"end":{"line":5,"column":83}},{"start":{},"end":{}}],"line":5}},"s":{"0":2,"1":2,"2":1,"3":1,"4":1,"5":1,"6":1},"f":{"0":2},"b":{"0":[1,1]},"inputSourceMap":null,"_coverageSchema":"1a1c01bbd47fc00a2c39e90264f33305004495a9","hash":"16299a756df59feb3c0d1a28380aa3d9e60c2afc"}
}
